<?xml version="1.0" encoding="UTF-8" ?>
<testsuite tests="3" failures="0" name="com.devopssample.service.TestClass" time="0.007" errors="0" skipped="0">
  <properties>
    <property name="PROCESSOR_ARCHITECTURE" value="AMD64"/>
    <property name="file.encoding.pkg" value="sun.io"/>
    <property name="LOGONSERVER" value="\\SVRDC01"/>
    <property name="ProgramData" value="C:\ProgramData"/>
    <property name="java.home" value="C:\Program Files\AdoptOpenJDK\jdk-8.0.292.10-hotspot\jre"/>
    <property name="NODE_NAME" value="built-in"/>
    <property name="JENKINS_URL" value="http://localhost:9090/"/>
    <property name="ALLUSERSPROFILE" value="C:\ProgramData"/>
    <property name="java.endorsed.dirs" value="C:\Program Files\AdoptOpenJDK\jdk-8.0.292.10-hotspot\jre\lib\endorsed"/>
    <property name="PSModulePath" value="C:\Program Files\WindowsPowerShell\Modules;C:\WINDOWS\system32\WindowsPowerShell\v1.0\Modules"/>
    <property name="=::" value="::\"/>
    <property name="USERDOMAIN" value="NAGARRO"/>
    <property name="sun.os.patch.level" value=""/>
    <property name="java.vendor.url" value="https://adoptopenjdk.net/"/>
    <property name="CommonProgramFiles(x86)" value="C:\Program Files (x86)\Common Files"/>
    <property name="java.version" value="1.8.0_292"/>
    <property name="JOB_NAME" value="Maven1"/>
    <property name="COMPUTERNAME" value="SAMEERSINGH"/>
    <property name="ANDROID_HOME" value="C:\Users\sameersingh\AppData\Local\Android\Sdk"/>
    <property name="java.vendor.url.bug" value="https://github.com/AdoptOpenJDK/openjdk-support/issues"/>
    <property name="PUBLIC" value="C:\Users\Public"/>
    <property name="ChocolateyLastPathUpdate" value="132653754788540296"/>
    <property name="user.name" value="sameersingh"/>
    <property name="sun.io.unicode.encoding" value="UnicodeLittle"/>
    <property name="sun.jnu.encoding" value="Cp1252"/>
    <property name="java.runtime.name" value="OpenJDK Runtime Environment"/>
    <property name="windir" value="C:\WINDOWS"/>
    <property name="PROCESSOR_IDENTIFIER" value="Intel64 Family 6 Model 142 Stepping 10, GenuineIntel"/>
    <property name="IntelliJ IDEA Community Edition" value="D:\Software\IntelliJ IDEA Community Edition 2021.1.1\bin;"/>
    <property name="java.specification.name" value="Java Platform API Specification"/>
    <property name="LOCALAPPDATA" value="C:\Users\sameersingh\AppData\Local"/>
    <property name="RUN_CHANGES_DISPLAY_URL" value="http://localhost:9090/job/Maven1/6/display/redirect?page=changes"/>
    <property name="user.timezone" value="Asia/Calcutta"/>
    <property name="user.script" value=""/>
    <property name="path.separator" value=";"/>
    <property name="NUMBER_OF_PROCESSORS" value="8"/>
    <property name="BUILD_TAG" value="jenkins-Maven1-6"/>
    <property name="file.encoding" value="Cp1252"/>
    <property name="sun.java.command" value="jenkins.maven3.agent.Maven35Main C:\apache-maven-3.8.1-bin\apache-maven-3.8.1 C:\Users\sameersingh\.jenkins\war\WEB-INF\lib\remoting-4.11.2.jar C:\Users\sameersingh\.jenkins\plugins\maven-plugin\WEB-INF\lib\maven35-interceptor-1.13.jar C:\Users\sameersingh\.jenkins\plugins\maven-plugin\WEB-INF\lib\maven3-interceptor-commons-1.13.jar 51677"/>
    <property name="HUDSON_URL" value="http://localhost:9090/"/>
    <property name="JENKINS_SERVER_COOKIE" value="cd48e5ca6722f4c2"/>
    <property name="=D:" value="D:\Personal\NAGP\DEVTESTOPS"/>
    <property name="EXECUTOR_NUMBER" value="0"/>
    <property name="Path" value="C:\Program Files\AdoptOpenJDK\jdk-8.0.292.10-hotspot\bin;C:\WINDOWS\system32;C:\WINDOWS;C:\WINDOWS\System32\Wbem;C:\WINDOWS\System32\WindowsPowerShell\v1.0\;C:\WINDOWS\System32\OpenSSH\;C:\Program Files\Intel\WiFi\bin\;C:\Program Files\Common Files\Intel\WirelessCommon\;C:\Program Files\Git\cmd;C:\Users\sameersingh\AppData\Local\Programs\Python\Python39\;C:\Users\sameersingh\AppData\Local\Programs\Python\Python39\Scripts;C:\Program Files\dotnet\;C:\Program Files (x86)\dotnet\;C:\Program Files\Microsoft SQL Server\130\Tools\Binn\;C:\Program Files\Microsoft SQL Server\Client SDK\ODBC\170\Tools\Binn\;C:\Users\sameersingh\AppData\Roaming\nvm;C:\Program Files\nodejs;C:\Program Files\Docker\Docker\resources\bin;C:\ProgramData\DockerDesktop\version-bin;C:\Program Files\TortoiseGit\bin;C:\Users\sameersingh\AppData\Local\Programs\Python\Python39\Scripts\;C:\Users\sameersingh\AppData\Local\Programs\Python\Python39\;C:\Users\sameersingh\AppData\Local\Microsoft\WindowsApps;C:\Users\sameersingh\AppData\Roaming\npm;C:\Users\sameersingh\AppData\Local\Programs\Microsoft VS Code\bin;C:\Program Files\JetBrains\PyCharm Community Edition 2020.3\bin;;D:\Software\IntelliJ IDEA Community Edition 2021.1.1\bin;;C:\Users\sameersingh\.dotnet\tools;D:\Software\gradle-6.8.3-bin\gradle-6.8.3\bin;C:\apache-maven-3.8.1-bin\apache-maven-3.8.1\bin;C:\Program Files\Java\jdk-16.0.1\bin;C:\ProgramData\chocoportable\bin;C:\Users\sameersingh\AppData\Roaming\nvm;C:\Program Files\nodejs;C:\Users\sameersingh\AppData\Local\Android\Sdk\platform-tools;C:\Users\sameersingh\AppData\Local\Android\Sdk\tools;"/>
    <property name="GIT_COMMIT" value="13a527e83f67ea87fc159560491c46f7698e14e6"/>
    <property name="java.io.tmpdir" value="C:\Users\SAMEER~1\AppData\Local\Temp\"/>
    <property name="APPDATA" value="C:\Users\sameersingh\AppData\Roaming"/>
    <property name="user.language" value="en"/>
    <property name="line.separator" value="
"/>
    <property name="BUILD_URL" value="http://localhost:9090/job/Maven1/6/"/>
    <property name="M2_HOME" value="C:\apache-maven-3.8.1-bin\apache-maven-3.8.1"/>
    <property name="ZES_ENABLE_SYSMAN" value="1"/>
    <property name="java.vm.info" value="mixed mode"/>
    <property name="DriverData" value="C:\Windows\System32\Drivers\DriverData"/>
    <property name="sun.desktop" value="windows"/>
    <property name="java.vm.specification.name" value="Java Virtual Machine Specification"/>
    <property name="CI" value="true"/>
    <property name="BUILD_DISPLAY_NAME" value="#6"/>
    <property name="OS" value="Windows_NT"/>
    <property name="NVM_SYMLINK" value="C:\Program Files\nodejs"/>
    <property name="guice.disable.misplaced.annotation.check" value="true"/>
    <property name="HUDSON_SERVER_COOKIE" value="cd48e5ca6722f4c2"/>
    <property name="WORKSPACE_TMP" value="C:\Users\sameersingh\.jenkins\workspace\Maven1@tmp"/>
    <property name="MAVEN_HOME" value="C:\apache-maven-3.8.1-bin\apache-maven-3.8.1"/>
    <property name="SESSIONNAME" value="Console"/>
    <property name="PATHEXT" value=".COM;.EXE;.BAT;.CMD;.VBS;.VBE;.JS;.JSE;.WSF;.WSH;.MSC"/>
    <property name="java.awt.printerjob" value="sun.awt.windows.WPrinterJob"/>
    <property name="maven3.interceptor.common" value="C:\Users\sameersingh\.jenkins\plugins\maven-plugin\WEB-INF\lib\maven3-interceptor-commons-1.13.jar"/>
    <property name="CLASSPATH" value=""/>
    <property name="PyCharm Community Edition" value="C:\Program Files\JetBrains\PyCharm Community Edition 2020.3\bin;"/>
    <property name="HOMEPATH" value="\Users\sameersingh"/>
    <property name="os.name" value="Windows 10"/>
    <property name="java.specification.vendor" value="Oracle Corporation"/>
    <property name="java.vm.name" value="OpenJDK 64-Bit Server VM"/>
    <property name="BUILD_NUMBER" value="6"/>
    <property name="maven3.interceptor" value="C:\Users\sameersingh\.jenkins\plugins\maven-plugin\WEB-INF\lib\maven35-interceptor-1.13.jar"/>
    <property name="java.library.path" value="C:\Program Files\AdoptOpenJDK\jdk-8.0.292.10-hotspot\bin;C:\WINDOWS\Sun\Java\bin;C:\WINDOWS\system32;C:\WINDOWS;C:\apache-maven-3.8.1-bin\apache-maven-3.8.1/bin;C:\Program Files\AdoptOpenJDK\jdk-8.0.292.10-hotspot\bin;C:\WINDOWS\system32;C:\WINDOWS;C:\WINDOWS\System32\Wbem;C:\WINDOWS\System32\WindowsPowerShell\v1.0\;C:\WINDOWS\System32\OpenSSH\;C:\Program Files\Intel\WiFi\bin\;C:\Program Files\Common Files\Intel\WirelessCommon\;C:\Program Files\Git\cmd;C:\Users\sameersingh\AppData\Local\Programs\Python\Python39\;C:\Users\sameersingh\AppData\Local\Programs\Python\Python39\Scripts;C:\Program Files\dotnet\;C:\Program Files (x86)\dotnet\;C:\Program Files\Microsoft SQL Server\130\Tools\Binn\;C:\Program Files\Microsoft SQL Server\Client SDK\ODBC\170\Tools\Binn\;C:\Users\sameersingh\AppData\Roaming\nvm;C:\Program Files\nodejs;C:\Program Files\Docker\Docker\resources\bin;C:\ProgramData\DockerDesktop\version-bin;C:\Program Files\TortoiseGit\bin;C:\Users\sameersingh\AppData\Local\Programs\Python\Python39\Scripts\;C:\Users\sameersingh\AppData\Local\Programs\Python\Python39\;C:\Users\sameersingh\AppData\Local\Microsoft\WindowsApps;C:\Users\sameersingh\AppData\Roaming\npm;C:\Users\sameersingh\AppData\Local\Programs\Microsoft VS Code\bin;C:\Program Files\JetBrains\PyCharm Community Edition 2020.3\bin;;D:\Software\IntelliJ IDEA Community Edition 2021.1.1\bin;;C:\Users\sameersingh\.dotnet\tools;D:\Software\gradle-6.8.3-bin\gradle-6.8.3\bin;C:\apache-maven-3.8.1-bin\apache-maven-3.8.1\bin;C:\Program Files\Java\jdk-16.0.1\bin;C:\ProgramData\chocoportable\bin;C:\Users\sameersingh\AppData\Roaming\nvm;C:\Program Files\nodejs;C:\Users\sameersingh\AppData\Local\Android\Sdk\platform-tools;C:\Users\sameersingh\AppData\Local\Android\Sdk\tools;;."/>
    <property name="HOMEDRIVE" value="C:"/>
    <property name="GRADLE_HOME" value="C:\ProgramData\chocolatey\lib\gradle\tools\gradle-6.6.1"/>
    <property name="POM_GROUPID" value="com.nagarro.devops-tools.devops"/>
    <property name="POM_ARTIFACTID" value="demosampleapplication"/>
    <property name="java.class.version" value="52.0"/>
    <property name="JOB_URL" value="http://localhost:9090/job/Maven1/"/>
    <property name="NVM_HOME" value="C:\Users\sameersingh\AppData\Roaming\nvm"/>
    <property name="GIT_PREVIOUS_COMMIT" value="13a527e83f67ea87fc159560491c46f7698e14e6"/>
    <property name="OneDrive" value="C:\Users\sameersingh\OneDrive"/>
    <property name="GIT_BRANCH" value="origin/master"/>
    <property name="RUN_DISPLAY_URL" value="http://localhost:9090/job/Maven1/6/display/redirect"/>
    <property name="JENKINS_HOME" value="C:\Users\sameersingh\.jenkins"/>
    <property name="BUILD_ID" value="6"/>
    <property name="TEMP" value="C:\Users\SAMEER~1\AppData\Local\Temp"/>
    <property name="sun.boot.library.path" value="C:\Program Files\AdoptOpenJDK\jdk-8.0.292.10-hotspot\jre\bin"/>
    <property name="sun.management.compiler" value="HotSpot 64-Bit Tiered Compilers"/>
    <property name="java.awt.graphicsenv" value="sun.awt.Win32GraphicsEnvironment"/>
    <property name="user.variant" value=""/>
    <property name="PROCESSOR_REVISION" value="8e0a"/>
    <property name="POM_VERSION" value="1.0.0-SNAPSHOT"/>
    <property name="HUDSON_HOME" value="C:\Users\sameersingh\.jenkins"/>
    <property name="GIT_PREVIOUS_SUCCESSFUL_COMMIT" value="13a527e83f67ea87fc159560491c46f7698e14e6"/>
    <property name="ProgramFiles(x86)" value="C:\Program Files (x86)"/>
    <property name="PATH+MAVEN" value="C:\apache-maven-3.8.1-bin\apache-maven-3.8.1/bin"/>
    <property name="USERDOMAIN_ROAMINGPROFILE" value="NAGARRO"/>
    <property name="RUN_ARTIFACTS_DISPLAY_URL" value="http://localhost:9090/job/Maven1/6/display/redirect?page=artifacts"/>
    <property name="PROMPT" value="$P$G"/>
    <property name="java.vm.specification.version" value="1.8"/>
    <property name="JAVA_HOME" value="C:\Program Files\AdoptOpenJDK\jdk-8.0.292.10-hotspot"/>
    <property name="awt.toolkit" value="sun.awt.windows.WToolkit"/>
    <property name="NODE_LABELS" value="built-in"/>
    <property name="sun.cpu.isalist" value="amd64"/>
    <property name="USERPROFILE" value="C:\Users\sameersingh"/>
    <property name="JOB_DISPLAY_URL" value="http://localhost:9090/job/Maven1/display/redirect"/>
    <property name="java.ext.dirs" value="C:\Program Files\AdoptOpenJDK\jdk-8.0.292.10-hotspot\jre\lib\ext;C:\WINDOWS\Sun\Java\lib\ext"/>
    <property name="os.version" value="10.0"/>
    <property name="user.home" value="C:\Users\sameersingh"/>
    <property name="USERNAME" value="sameersingh"/>
    <property name="java.vm.vendor" value="AdoptOpenJDK"/>
    <property name="PROCESSOR_LEVEL" value="6"/>
    <property name="USERDNSDOMAIN" value="NAGARRO.LOCAL"/>
    <property name="CommonProgramW6432" value="C:\Program Files\Common Files"/>
    <property name="user.dir" value="D:\Personal\NAGP\DEVTESTOPS\SameerSingh_3143336_DevTestOpsAssignment\Hello-World-JAVA-master\Hello-World-JAVA-master"/>
    <property name="maven.conf" value="C:\apache-maven-3.8.1-bin\apache-maven-3.8.1\conf"/>
    <property name="ProgramW6432" value="C:\Program Files"/>
    <property name="TMP" value="C:\Users\SAMEER~1\AppData\Local\Temp"/>
    <property name="sun.cpu.endian" value="little"/>
    <property name="SystemDrive" value="C:"/>
    <property name="java.vm.version" value="25.292-b10"/>
    <property name="java.class.path" value="C:\Users\sameersingh\.jenkins\plugins\maven-plugin\WEB-INF\lib\maven35-agent-1.13.jar;C:\apache-maven-3.8.1-bin\apache-maven-3.8.1\boot\plexus-classworlds-2.6.0.jar;C:\apache-maven-3.8.1-bin\apache-maven-3.8.1/conf/logging"/>
    <property name="org.slf4j.simpleLogger.defaultLogLevel" value="info"/>
    <property name="os.arch" value="amd64"/>
    <property name="WORKSPACE" value="C:\Users\sameersingh\.jenkins\workspace\Maven1"/>
    <property name="ComSpec" value="C:\WINDOWS\system32\cmd.exe"/>
    <property name="RUN_TESTS_DISPLAY_URL" value="http://localhost:9090/job/Maven1/6/display/redirect?page=tests"/>
    <property name="sun.java.launcher" value="SUN_STANDARD"/>
    <property name="SystemRoot" value="C:\WINDOWS"/>
    <property name="CommonProgramFiles" value="C:\Program Files\Common Files"/>
    <property name="java.vm.specification.vendor" value="Oracle Corporation"/>
    <property name="file.separator" value="\"/>
    <property name="ChocolateyInstall" value="C:\ProgramData\chocolatey"/>
    <property name="java.runtime.version" value="1.8.0_292-b10"/>
    <property name="ProgramFiles" value="C:\Program Files"/>
    <property name="sun.boot.class.path" value="C:\Program Files\AdoptOpenJDK\jdk-8.0.292.10-hotspot\jre\lib\resources.jar;C:\Program Files\AdoptOpenJDK\jdk-8.0.292.10-hotspot\jre\lib\rt.jar;C:\Program Files\AdoptOpenJDK\jdk-8.0.292.10-hotspot\jre\lib\sunrsasign.jar;C:\Program Files\AdoptOpenJDK\jdk-8.0.292.10-hotspot\jre\lib\jsse.jar;C:\Program Files\AdoptOpenJDK\jdk-8.0.292.10-hotspot\jre\lib\jce.jar;C:\Program Files\AdoptOpenJDK\jdk-8.0.292.10-hotspot\jre\lib\charsets.jar;C:\Program Files\AdoptOpenJDK\jdk-8.0.292.10-hotspot\jre\lib\jfr.jar;C:\Program Files\AdoptOpenJDK\jdk-8.0.292.10-hotspot\jre\classes"/>
    <property name="user.country" value="IN"/>
    <property name="POM_PACKAGING" value="war"/>
    <property name="maven.home" value="C:\apache-maven-3.8.1-bin\apache-maven-3.8.1"/>
    <property name="JOB_BASE_NAME" value="Maven1"/>
    <property name="java.vendor" value="AdoptOpenJDK"/>
    <property name="POM_DISPLAYNAME" value="Devops Sample Application"/>
    <property name="java.specification.version" value="1.8"/>
    <property name="sun.arch.data.model" value="64"/>
    <property name="GIT_URL" value="https://github.com/SameerSingh13/DevTestOpsNAGP"/>
  </properties>
  <testcase classname="com.devopssample.service.TestClass" name="testAdd" time="0.006"/>
  <testcase classname="com.devopssample.service.TestClass" name="testSub" time="0"/>
  <testcase classname="com.devopssample.service.TestClass" name="testFailedAdd" time="0.001"/>
</testsuite>